\BOOKMARK [1][-]{toc1.1}{Contents}{}% 1
\BOOKMARK [1][-]{section.1}{1 Introduction}{}% 2
\BOOKMARK [1][-]{section.2}{2 User's guide}{}% 3
\BOOKMARK [2][-]{subsection.2.1}{2.1 Installation}{section.2}% 4
\BOOKMARK [2][-]{subsection.2.2}{2.2 Invocation and options}{section.2}% 5
\BOOKMARK [2][-]{subsection.2.3}{2.3 Topmatter commands}{section.2}% 6
\BOOKMARK [2][-]{subsection.2.4}{2.4 Algorithms}{section.2}% 7
\BOOKMARK [2][-]{subsection.2.5}{2.5 Figures and tables}{section.2}% 8
\BOOKMARK [2][-]{subsection.2.6}{2.6 Theorems}{section.2}% 9
\BOOKMARK [2][-]{subsection.2.7}{2.7 Online-only and offline-only material}{section.2}% 10
\BOOKMARK [2][-]{subsection.2.8}{2.8 Note about anonymous mode}{section.2}% 11
\BOOKMARK [2][-]{subsection.2.9}{2.9 Acknowledgments}{section.2}% 12
\BOOKMARK [2][-]{subsection.2.10}{2.10 Bibliography}{section.2}% 13
\BOOKMARK [2][-]{subsection.2.11}{2.11 Colors}{section.2}% 14
\BOOKMARK [2][-]{subsection.2.12}{2.12 Other notable packages and typographic remarks}{section.2}% 15
\BOOKMARK [2][-]{subsection.2.13}{2.13 A note for wizards: acmart-preload-hook.tex}{section.2}% 16
\BOOKMARK [1][-]{section.3}{3 Implementation}{}% 17
\BOOKMARK [2][-]{subsection.3.1}{3.1 Identification}{section.3}% 18
\BOOKMARK [2][-]{subsection.3.2}{3.2 Preload}{section.3}% 19
\BOOKMARK [2][-]{subsection.3.3}{3.3 Options}{section.3}% 20
\BOOKMARK [2][-]{subsection.3.4}{3.4 Setting switches}{section.3}% 21
\BOOKMARK [2][-]{subsection.3.5}{3.5 Loading base class and package}{section.3}% 22
\BOOKMARK [2][-]{subsection.3.6}{3.6 Paper size and paragraphing}{section.3}% 23
\BOOKMARK [2][-]{subsection.3.7}{3.7 Fonts}{section.3}% 24
\BOOKMARK [2][-]{subsection.3.8}{3.8 Floats}{section.3}% 25
\BOOKMARK [2][-]{subsection.3.9}{3.9 Lists}{section.3}% 26
\BOOKMARK [2][-]{subsection.3.10}{3.10 Top matter data}{section.3}% 27
\BOOKMARK [2][-]{subsection.3.11}{3.11 Concepts system}{section.3}% 28
\BOOKMARK [2][-]{subsection.3.12}{3.12 Copyright system}{section.3}% 29
\BOOKMARK [2][-]{subsection.3.13}{3.13 Typesetting top matter}{section.3}% 30
\BOOKMARK [2][-]{subsection.3.14}{3.14 Headers and Footers}{section.3}% 31
\BOOKMARK [2][-]{subsection.3.15}{3.15 Sectioning}{section.3}% 32
\BOOKMARK [2][-]{subsection.3.16}{3.16 TOC Lists}{section.3}% 33
\BOOKMARK [2][-]{subsection.3.17}{3.17 Theorems}{section.3}% 34
\BOOKMARK [2][-]{subsection.3.18}{3.18 Acknowledgments}{section.3}% 35
\BOOKMARK [2][-]{subsection.3.19}{3.19 Conditional typesetting}{section.3}% 36
\BOOKMARK [2][-]{subsection.3.20}{3.20 Additional bibliography commands}{section.3}% 37
\BOOKMARK [2][-]{subsection.3.21}{3.21 End of Class}{section.3}% 38
\BOOKMARK [1][-]{bib2.1}{References}{}% 39
